# JRE version: Java(TM) SE Runtime Environment (7.0_60-b19) (build 1.7.0_60-b19)
# Java VM: Java HotSpot(TM) 64-Bit Server VM (24.60-b09 mixed mode windows-amd64 compressed oops)
Heap
 PSYoungGen      total 324096K, used 3087K [0x00000000eb100000, 0x00000000ffd80000, 0x0000000100000000)
  eden space 308736K, 1% used [0x00000000eb100000,0x00000000eb403d80,0x00000000fde80000)
  from space 15360K, 0% used [0x00000000fde80000,0x00000000fde80000,0x00000000fed80000)
  to   space 14848K, 0% used [0x00000000fef00000,0x00000000fef00000,0x00000000ffd80000)
 ParOldGen       total 685056K, used 29022K [0x00000000c1400000, 0x00000000eb100000, 0x00000000eb100000)
  object space 685056K, 4% used [0x00000000c1400000,0x00000000c3057b30,0x00000000eb100000)
 PSPermGen       total 83968K, used 83967K [0x00000000bc200000, 0x00000000c1400000, 0x00000000c1400000)
  object space 83968K, 99% used [0x00000000bc200000,0x00000000c13ffe30,0x00000000c1400000)
GC Heap History (10 events):
Event: 760.126 GC heap before
{Heap before GC invocations=68 (full 23):
 PSYoungGen      total 324096K, used 96K [0x00000000eb100000, 0x00000000ffd80000, 0x0000000100000000)
  eden space 307200K, 0% used [0x00000000eb100000,0x00000000eb100000,0x00000000fdd00000)
  from space 16896K, 0% used [0x00000000fdd00000,0x00000000fdd18000,0x00000000fed80000)
  to   space 15872K, 0% used [0x00000000fee00000,0x00000000fee00000,0x00000000ffd80000)
 ParOldGen       total 685056K, used 29559K [0x00000000c1400000, 0x00000000eb100000, 0x00000000eb100000)
  object space 685056K, 4% used [0x00000000c1400000,0x00000000c30ddc40,0x00000000eb100000)
 PSPermGen       total 83968K, used 83967K [0x00000000bc200000, 0x00000000c1400000, 0x00000000c1400000)
  object space 83968K, 99% used [0x00000000bc200000,0x00000000c13fffd0,0x00000000c1400000)
Event: 760.267 GC heap after
Heap after GC invocations=68 (full 23):
 PSYoungGen      total 324096K, used 0K [0x00000000eb100000, 0x00000000ffd80000, 0x0000000100000000)
  eden space 307200K, 0% used [0x00000000eb100000,0x00000000eb100000,0x00000000fdd00000)
  from space 16896K, 0% used [0x00000000fdd00000,0x00000000fdd00000,0x00000000fed80000)
  to   space 15872K, 0% used [0x00000000fee00000,0x00000000fee00000,0x00000000ffd80000)
 ParOldGen       total 685056K, used 28958K [0x00000000c1400000, 0x00000000eb100000, 0x00000000eb100000)
  object space 685056K, 4% used [0x00000000c1400000,0x00000000c3047a98,0x00000000eb100000)
 PSPermGen       total 83968K, used 83953K [0x00000000bc200000, 0x00000000c1400000, 0x00000000c1400000)
  object space 83968K, 99% used [0x00000000bc200000,0x00000000c13fc498,0x00000000c1400000)
}
Event: 794.851 GC heap before
{Heap before GC invocations=69 (full 23):
 PSYoungGen      total 324096K, used 14214K [0x00000000eb100000, 0x00000000ffd80000, 0x0000000100000000)
  eden space 307200K, 4% used [0x00000000eb100000,0x00000000ebee1800,0x00000000fdd00000)
  from space 16896K, 0% used [0x00000000fdd00000,0x00000000fdd00000,0x00000000fed80000)
  to   space 15872K, 0% used [0x00000000fee00000,0x00000000fee00000,0x00000000ffd80000)
 ParOldGen       total 685056K, used 28958K [0x00000000c1400000, 0x00000000eb100000, 0x00000000eb100000)
  object space 685056K, 4% used [0x00000000c1400000,0x00000000c3047a98,0x00000000eb100000)
 PSPermGen       total 83968K, used 83967K [0x00000000bc200000, 0x00000000c1400000, 0x00000000c1400000)
  object space 83968K, 99% used [0x00000000bc200000,0x00000000c13ffe50,0x00000000c1400000)
Event: 794.854 GC heap after
Heap after GC invocations=69 (full 23):
 PSYoungGen      total 323584K, used 192K [0x00000000eb100000, 0x00000000ffc80000, 0x0000000100000000)
  eden space 308736K, 0% used [0x00000000eb100000,0x00000000eb100000,0x00000000fde80000)
  from space 14848K, 1% used [0x00000000fee00000,0x00000000fee30000,0x00000000ffc80000)
  to   space 15360K, 0% used [0x00000000fde80000,0x00000000fde80000,0x00000000fed80000)
 ParOldGen       total 685056K, used 28958K [0x00000000c1400000, 0x00000000eb100000, 0x00000000eb100000)
  object space 685056K, 4% used [0x00000000c1400000,0x00000000c3047a98,0x00000000eb100000)
 PSPermGen       total 83968K, used 83967K [0x00000000bc200000, 0x00000000c1400000, 0x00000000c1400000)
  object space 83968K, 99% used [0x00000000bc200000,0x00000000c13ffe50,0x00000000c1400000)
}
Event: 794.854 GC heap before
{Heap before GC invocations=70 (full 24):
 PSYoungGen      total 323584K, used 192K [0x00000000eb100000, 0x00000000ffc80000, 0x0000000100000000)
  eden space 308736K, 0% used [0x00000000eb100000,0x00000000eb100000,0x00000000fde80000)
  from space 14848K, 1% used [0x00000000fee00000,0x00000000fee30000,0x00000000ffc80000)
  to   space 15360K, 0% used [0x00000000fde80000,0x00000000fde80000,0x00000000fed80000)
 ParOldGen       total 685056K, used 28958K [0x00000000c1400000, 0x00000000eb100000, 0x00000000eb100000)
  object space 685056K, 4% used [0x00000000c1400000,0x00000000c3047a98,0x00000000eb100000)
 PSPermGen       total 83968K, used 83967K [0x00000000bc200000, 0x00000000c1400000, 0x00000000c1400000)
  object space 83968K, 99% used [0x00000000bc200000,0x00000000c13ffe50,0x00000000c1400000)
Event: 795.043 GC heap after
Heap after GC invocations=70 (full 24):
 PSYoungGen      total 323584K, used 0K [0x00000000eb100000, 0x00000000ffc80000, 0x0000000100000000)
  eden space 308736K, 0% used [0x00000000eb100000,0x00000000eb100000,0x00000000fde80000)
  from space 14848K, 0% used [0x00000000fee00000,0x00000000fee00000,0x00000000ffc80000)
  to   space 15360K, 0% used [0x00000000fde80000,0x00000000fde80000,0x00000000fed80000)
 ParOldGen       total 685056K, used 29027K [0x00000000c1400000, 0x00000000eb100000, 0x00000000eb100000)
  object space 685056K, 4% used [0x00000000c1400000,0x00000000c3058d00,0x00000000eb100000)
 PSPermGen       total 83968K, used 83967K [0x00000000bc200000, 0x00000000c1400000, 0x00000000c1400000)
  object space 83968K, 99% used [0x00000000bc200000,0x00000000c13ffe30,0x00000000c1400000)
}
Event: 795.043 GC heap before
{Heap before GC invocations=71 (full 24):
 PSYoungGen      total 323584K, used 0K [0x00000000eb100000, 0x00000000ffc80000, 0x0000000100000000)
  eden space 308736K, 0% used [0x00000000eb100000,0x00000000eb100000,0x00000000fde80000)
  from space 14848K, 0% used [0x00000000fee00000,0x00000000fee00000,0x00000000ffc80000)
  to   space 15360K, 0% used [0x00000000fde80000,0x00000000fde80000,0x00000000fed80000)
 ParOldGen       total 685056K, used 29027K [0x00000000c1400000, 0x00000000eb100000, 0x00000000eb100000)
  object space 685056K, 4% used [0x00000000c1400000,0x00000000c3058d00,0x00000000eb100000)
 PSPermGen       total 83968K, used 83967K [0x00000000bc200000, 0x00000000c1400000, 0x00000000c1400000)
  object space 83968K, 99% used [0x00000000bc200000,0x00000000c13ffe30,0x00000000c1400000)
Event: 795.047 GC heap after
Heap after GC invocations=71 (full 24):
 PSYoungGen      total 324096K, used 0K [0x00000000eb100000, 0x00000000ffd80000, 0x0000000100000000)
  eden space 308736K, 0% used [0x00000000eb100000,0x00000000eb100000,0x00000000fde80000)
  from space 15360K, 0% used [0x00000000fde80000,0x00000000fde80000,0x00000000fed80000)
  to   space 14848K, 0% used [0x00000000fef00000,0x00000000fef00000,0x00000000ffd80000)
 ParOldGen       total 685056K, used 29027K [0x00000000c1400000, 0x00000000eb100000, 0x00000000eb100000)
  object space 685056K, 4% used [0x00000000c1400000,0x00000000c3058d00,0x00000000eb100000)
 PSPermGen       total 83968K, used 83967K [0x00000000bc200000, 0x00000000c1400000, 0x00000000c1400000)
  object space 83968K, 99% used [0x00000000bc200000,0x00000000c13ffe30,0x00000000c1400000)
}
Event: 795.047 GC heap before
{Heap before GC invocations=72 (full 25):
 PSYoungGen      total 324096K, used 0K [0x00000000eb100000, 0x00000000ffd80000, 0x0000000100000000)
  eden space 308736K, 0% used [0x00000000eb100000,0x00000000eb100000,0x00000000fde80000)
  from space 15360K, 0% used [0x00000000fde80000,0x00000000fde80000,0x00000000fed80000)
  to   space 14848K, 0% used [0x00000000fef00000,0x00000000fef00000,0x00000000ffd80000)
 ParOldGen       total 685056K, used 29027K [0x00000000c1400000, 0x00000000eb100000, 0x00000000eb100000)
  object space 685056K, 4% used [0x00000000c1400000,0x00000000c3058d00,0x00000000eb100000)
 PSPermGen       total 83968K, used 83967K [0x00000000bc200000, 0x00000000c1400000, 0x00000000c1400000)
  object space 83968K, 99% used [0x00000000bc200000,0x00000000c13ffe30,0x00000000c1400000)
Event: 795.244 GC heap after
Heap after GC invocations=72 (full 25):
 PSYoungGen      total 324096K, used 0K [0x00000000eb100000, 0x00000000ffd80000, 0x0000000100000000)
  eden space 308736K, 0% used [0x00000000eb100000,0x00000000eb100000,0x00000000fde80000)
  from space 15360K, 0% used [0x00000000fde80000,0x00000000fde80000,0x00000000fed80000)
  to   space 14848K, 0% used [0x00000000fef00000,0x00000000fef00000,0x00000000ffd80000)
 ParOldGen       total 685056K, used 29022K [0x00000000c1400000, 0x00000000eb100000, 0x00000000eb100000)
  object space 685056K, 4% used [0x00000000c1400000,0x00000000c3057b30,0x00000000eb100000)
 PSPermGen       total 83968K, used 83967K [0x00000000bc200000, 0x00000000c1400000, 0x00000000c1400000)
  object space 83968K, 99% used [0x00000000bc200000,0x00000000c13ffe30,0x00000000c1400000)
}

